<?xml version="1.0" encoding="UTF-8"?>
<testsuite xmlns:xsi="http://www.w3.org/2001/XMLSchema-instance" xsi:noNamespaceSchemaLocation="https://maven.apache.org/surefire/maven-surefire-plugin/xsd/surefire-test-report-3.0.xsd" version="3.0" name="db.DatabaseManagerTest" time="0.87" tests="20" errors="0" skipped="0" failures="0">
  <properties>
    <property name="java.specification.version" value="24"/>
    <property name="sun.cpu.isalist" value="amd64"/>
    <property name="sun.jnu.encoding" value="Cp1252"/>
    <property name="java.class.path" value="C:\Users\Mmaoz\Desktop\LibraryManagementSystem\target\test-classes;C:\Users\Mmaoz\Desktop\LibraryManagementSystem\target\classes;C:\Users\Mmaoz\.m2\repository\org\junit\jupiter\junit-jupiter\5.10.0\junit-jupiter-5.10.0.jar;C:\Users\Mmaoz\.m2\repository\org\junit\jupiter\junit-jupiter-api\5.10.0\junit-jupiter-api-5.10.0.jar;C:\Users\Mmaoz\.m2\repository\org\opentest4j\opentest4j\1.3.0\opentest4j-1.3.0.jar;C:\Users\Mmaoz\.m2\repository\org\junit\platform\junit-platform-commons\1.10.0\junit-platform-commons-1.10.0.jar;C:\Users\Mmaoz\.m2\repository\org\apiguardian\apiguardian-api\1.1.2\apiguardian-api-1.1.2.jar;C:\Users\Mmaoz\.m2\repository\org\junit\jupiter\junit-jupiter-params\5.10.0\junit-jupiter-params-5.10.0.jar;C:\Users\Mmaoz\.m2\repository\org\junit\jupiter\junit-jupiter-engine\5.10.0\junit-jupiter-engine-5.10.0.jar;C:\Users\Mmaoz\.m2\repository\org\junit\platform\junit-platform-engine\1.10.0\junit-platform-engine-1.10.0.jar;C:\Users\Mmaoz\.m2\repository\org\xerial\sqlite-jdbc\3.43.2.1\sqlite-jdbc-3.43.2.1.jar;C:\Users\Mmaoz\.m2\repository\org\slf4j\slf4j-api\1.7.36\slf4j-api-1.7.36.jar;"/>
    <property name="java.vm.vendor" value="Oracle Corporation"/>
    <property name="sun.arch.data.model" value="64"/>
    <property name="user.variant" value=""/>
    <property name="java.vendor.url" value="https://java.oracle.com/"/>
    <property name="user.timezone" value="Asia/Jerusalem"/>
    <property name="os.name" value="Windows 10"/>
    <property name="java.vm.specification.version" value="24"/>
    <property name="sun.java.launcher" value="SUN_STANDARD"/>
    <property name="user.country" value="US"/>
    <property name="sun.boot.library.path" value="C:\Program Files\Java\jdk-24\bin"/>
    <property name="sun.java.command" value="C:\Users\Mmaoz\AppData\Local\Temp\surefire4180994865946448981\surefirebooter-20250511191224191_3.jar C:\Users\Mmaoz\AppData\Local\Temp\surefire4180994865946448981 2025-05-11T19-12-23_904-jvmRun1 surefire-20250511191224191_1tmp surefire_0-20250511191224191_2tmp"/>
    <property name="jdk.debug" value="release"/>
    <property name="surefire.test.class.path" value="C:\Users\Mmaoz\Desktop\LibraryManagementSystem\target\test-classes;C:\Users\Mmaoz\Desktop\LibraryManagementSystem\target\classes;C:\Users\Mmaoz\.m2\repository\org\junit\jupiter\junit-jupiter\5.10.0\junit-jupiter-5.10.0.jar;C:\Users\Mmaoz\.m2\repository\org\junit\jupiter\junit-jupiter-api\5.10.0\junit-jupiter-api-5.10.0.jar;C:\Users\Mmaoz\.m2\repository\org\opentest4j\opentest4j\1.3.0\opentest4j-1.3.0.jar;C:\Users\Mmaoz\.m2\repository\org\junit\platform\junit-platform-commons\1.10.0\junit-platform-commons-1.10.0.jar;C:\Users\Mmaoz\.m2\repository\org\apiguardian\apiguardian-api\1.1.2\apiguardian-api-1.1.2.jar;C:\Users\Mmaoz\.m2\repository\org\junit\jupiter\junit-jupiter-params\5.10.0\junit-jupiter-params-5.10.0.jar;C:\Users\Mmaoz\.m2\repository\org\junit\jupiter\junit-jupiter-engine\5.10.0\junit-jupiter-engine-5.10.0.jar;C:\Users\Mmaoz\.m2\repository\org\junit\platform\junit-platform-engine\1.10.0\junit-platform-engine-1.10.0.jar;C:\Users\Mmaoz\.m2\repository\org\xerial\sqlite-jdbc\3.43.2.1\sqlite-jdbc-3.43.2.1.jar;C:\Users\Mmaoz\.m2\repository\org\slf4j\slf4j-api\1.7.36\slf4j-api-1.7.36.jar;"/>
    <property name="sun.cpu.endian" value="little"/>
    <property name="user.home" value="C:\Users\Mmaoz"/>
    <property name="user.language" value="en"/>
    <property name="java.specification.vendor" value="Oracle Corporation"/>
    <property name="java.version.date" value="2025-04-15"/>
    <property name="java.home" value="C:\Program Files\Java\jdk-24"/>
    <property name="file.separator" value="\"/>
    <property name="basedir" value="C:\Users\Mmaoz\Desktop\LibraryManagementSystem"/>
    <property name="java.vm.compressedOopsMode" value="32-bit"/>
    <property name="line.separator" value="&#10;"/>
    <property name="java.vm.specification.vendor" value="Oracle Corporation"/>
    <property name="java.specification.name" value="Java Platform API Specification"/>
    <property name="surefire.real.class.path" value="C:\Users\Mmaoz\AppData\Local\Temp\surefire4180994865946448981\surefirebooter-20250511191224191_3.jar"/>
    <property name="user.script" value=""/>
    <property name="sun.management.compiler" value="HotSpot 64-Bit Tiered Compilers"/>
    <property name="java.runtime.version" value="24.0.1+9-30"/>
    <property name="user.name" value="Mmaoz"/>
    <property name="stdout.encoding" value="Cp1252"/>
    <property name="path.separator" value=";"/>
    <property name="os.version" value="10.0"/>
    <property name="java.runtime.name" value="Java(TM) SE Runtime Environment"/>
    <property name="file.encoding" value="UTF-8"/>
    <property name="java.vm.name" value="Java HotSpot(TM) 64-Bit Server VM"/>
    <property name="localRepository" value="C:\Users\Mmaoz\.m2\repository"/>
    <property name="java.vendor.url.bug" value="https://bugreport.java.com/bugreport/"/>
    <property name="java.io.tmpdir" value="C:\Users\Mmaoz\AppData\Local\Temp\"/>
    <property name="java.version" value="24.0.1"/>
    <property name="user.dir" value="C:\Users\Mmaoz\Desktop\LibraryManagementSystem"/>
    <property name="os.arch" value="amd64"/>
    <property name="java.vm.specification.name" value="Java Virtual Machine Specification"/>
    <property name="sun.os.patch.level" value=""/>
    <property name="native.encoding" value="Cp1252"/>
    <property name="java.library.path" value="C:\Program Files\Java\jdk-24\bin;C:\WINDOWS\Sun\Java\bin;C:\WINDOWS\system32;C:\WINDOWS;C:\Program Files\Common Files\Oracle\Java\javapath;C:\WINDOWS\system32;C:\WINDOWS;C:\WINDOWS\System32\Wbem;C:\WINDOWS\System32\WindowsPowerShell\v1.0\;C:\WINDOWS\System32\OpenSSH\;C:\Program Files\Microsoft SQL Server\120\Tools\Binn\;C:\Program Files\Microsoft SQL Server\Client SDK\ODBC\170\Tools\Binn\;C:\Program Files (x86)\Microsoft SQL Server\150\Tools\Binn\;C:\Program Files\Microsoft SQL Server\150\Tools\Binn\;C:\Program Files\Microsoft SQL Server\150\DTS\Binn\;C:\Program Files\dotnet\;C:\Program Files (x86)\dotnet\;C:\Program Files\nodejs\;C:\Program Files\Git\cmd;C:\Program Files\Docker\Docker\resources\bin;C:\Program Files\Maven\apache-maven-3.9.9-bin\apache-maven-3.9.9\bin;C:\WINDOWS\system32;C:\WINDOWS;C:\WINDOWS\System32\Wbem;C:\Users\Mmaoz\AppData\Roaming\npm;C:\Users\Mmaoz\AppData\Local\Programs\Microsoft VS Code\bin;."/>
    <property name="java.vm.info" value="mixed mode, sharing"/>
    <property name="stderr.encoding" value="Cp1252"/>
    <property name="java.vendor" value="Oracle Corporation"/>
    <property name="java.vm.version" value="24.0.1+9-30"/>
    <property name="sun.io.unicode.encoding" value="UnicodeLittle"/>
    <property name="java.class.version" value="68.0"/>
  </properties>
  <testcase name="testAddAdmin" classname="db.DatabaseManagerTest" time="0.095">
    <system-err><![CDATA[SLF4J: Failed to load class "org.slf4j.impl.StaticLoggerBinder".
SLF4J: Defaulting to no-operation (NOP) logger implementation
SLF4J: See http://www.slf4j.org/codes.html#StaticLoggerBinder for further details.
]]></system-err>
  </testcase>
  <testcase name="testAddMember" classname="db.DatabaseManagerTest" time="0.018"/>
  <testcase name="testLoginValid" classname="db.DatabaseManagerTest" time="0.01"/>
  <testcase name="testLoginInvalidPassword" classname="db.DatabaseManagerTest" time="0.005"/>
  <testcase name="testDuplicateUserFails" classname="db.DatabaseManagerTest" time="0.01"/>
  <testcase name="testPasswordHashing" classname="db.DatabaseManagerTest" time="0.007"/>
  <testcase name="testAddBook1" classname="db.DatabaseManagerTest" time="0.011"/>
  <testcase name="testDuplicateBookFails" classname="db.DatabaseManagerTest" time="0.005"/>
  <testcase name="testGetAllBooks" classname="db.DatabaseManagerTest" time="0.008"/>
  <testcase name="testBorrowBookAsAdmin" classname="db.DatabaseManagerTest" time="0.037"/>
  <testcase name="testReturnBook" classname="db.DatabaseManagerTest" time="0.021"/>
  <testcase name="testAddBook2" classname="db.DatabaseManagerTest" time="0.011"/>
  <testcase name="testAdminCanDeleteBook" classname="db.DatabaseManagerTest" time="0.02"/>
  <testcase name="testSearchBookByAuthor" classname="db.DatabaseManagerTest" time="0.005"/>
  <testcase name="testSearchBookByCategory" classname="db.DatabaseManagerTest" time="0.005"/>
  <testcase name="testChangeUserToMember" classname="db.DatabaseManagerTest" time="0.005"/>
  <testcase name="testBorrowBookAsMember" classname="db.DatabaseManagerTest" time="0.025"/>
  <testcase name="testAliceCannotBorrowDuneTwice" classname="db.DatabaseManagerTest" time="0.012">
    <system-err><![CDATA[Borrow failed: Book is already borrowed (ID: 1)
]]></system-err>
  </testcase>
  <testcase name="testAddBob" classname="db.DatabaseManagerTest" time="0.013"/>
  <testcase name="testBobCannotBorrowDune" classname="db.DatabaseManagerTest" time="0.016">
    <system-err><![CDATA[Borrow failed: Book is already borrowed (ID: 1)
]]></system-err>
  </testcase>
</testsuite>